[0.657s] Invoking command in '/home/xenor/ros2_webots_ws/src/ros2_webots': PYTHONPATH=/home/xenor/ros2_webots_ws/build/ros2_webots/prefix_override:/usr/lib/python3/dist-packages/colcon_core/task/python/colcon_distutils_commands:/home/xenor/ros2_webots_ws/install/ros2_webots/lib/python3.10/site-packages:${PYTHONPATH} /usr/bin/python3 -W ignore:setup.py install is deprecated -W ignore:easy_install command is deprecated setup.py egg_info --egg-base ../../build/ros2_webots build --build-base /home/xenor/ros2_webots_ws/build/ros2_webots/build install --record /home/xenor/ros2_webots_ws/build/ros2_webots/install.log --single-version-externally-managed install_data
[0.874s] running egg_info
[0.874s] writing ../../build/ros2_webots/ros2_webots.egg-info/PKG-INFO
[0.875s] writing dependency_links to ../../build/ros2_webots/ros2_webots.egg-info/dependency_links.txt
[0.875s] writing entry points to ../../build/ros2_webots/ros2_webots.egg-info/entry_points.txt
[0.875s] writing requirements to ../../build/ros2_webots/ros2_webots.egg-info/requires.txt
[0.875s] writing top-level names to ../../build/ros2_webots/ros2_webots.egg-info/top_level.txt
[0.877s] reading manifest file '../../build/ros2_webots/ros2_webots.egg-info/SOURCES.txt'
[0.877s] adding license file 'LICENSE'
[0.878s] writing manifest file '../../build/ros2_webots/ros2_webots.egg-info/SOURCES.txt'
[0.878s] running build
[0.878s] running build_py
[0.878s] copying ros2_webots/epuck.py -> /home/xenor/ros2_webots_ws/build/ros2_webots/build/lib/ros2_webots
[0.879s] running install
[0.879s] running install_lib
[0.880s] copying /home/xenor/ros2_webots_ws/build/ros2_webots/build/lib/ros2_webots/epuck.py -> /home/xenor/ros2_webots_ws/install/ros2_webots/lib/python3.10/site-packages/ros2_webots
[0.881s] byte-compiling /home/xenor/ros2_webots_ws/install/ros2_webots/lib/python3.10/site-packages/ros2_webots/epuck.py to epuck.cpython-310.pyc
[0.882s] running install_data
[0.882s] copying resource/epuck.urdf -> /home/xenor/ros2_webots_ws/install/ros2_webots/share/ros2_webots/resource
[0.882s] running install_egg_info
[0.885s] removing '/home/xenor/ros2_webots_ws/install/ros2_webots/lib/python3.10/site-packages/ros2_webots-0.0.0-py3.10.egg-info' (and everything under it)
[0.885s] Copying ../../build/ros2_webots/ros2_webots.egg-info to /home/xenor/ros2_webots_ws/install/ros2_webots/lib/python3.10/site-packages/ros2_webots-0.0.0-py3.10.egg-info
[0.886s] running install_scripts
[0.903s] Installing obstacle_avoider script to /home/xenor/ros2_webots_ws/install/ros2_webots/lib/ros2_webots
[0.903s] writing list of installed files to '/home/xenor/ros2_webots_ws/build/ros2_webots/install.log'
[0.936s] Invoked command in '/home/xenor/ros2_webots_ws/src/ros2_webots' returned '0': PYTHONPATH=/home/xenor/ros2_webots_ws/build/ros2_webots/prefix_override:/usr/lib/python3/dist-packages/colcon_core/task/python/colcon_distutils_commands:/home/xenor/ros2_webots_ws/install/ros2_webots/lib/python3.10/site-packages:${PYTHONPATH} /usr/bin/python3 -W ignore:setup.py install is deprecated -W ignore:easy_install command is deprecated setup.py egg_info --egg-base ../../build/ros2_webots build --build-base /home/xenor/ros2_webots_ws/build/ros2_webots/build install --record /home/xenor/ros2_webots_ws/build/ros2_webots/install.log --single-version-externally-managed install_data
