[0.690s] Invoking command in '/home/xenor/ros2_webots_ws/src/ros2_webots': PYTHONPATH=/home/xenor/ros2_webots_ws/build/ros2_webots/prefix_override:/usr/lib/python3/dist-packages/colcon_core/task/python/colcon_distutils_commands:/home/xenor/ros2_webots_ws/install/ros2_webots/lib/python3.10/site-packages:${PYTHONPATH} /usr/bin/python3 -W ignore:setup.py install is deprecated -W ignore:easy_install command is deprecated setup.py egg_info --egg-base ../../build/ros2_webots build --build-base /home/xenor/ros2_webots_ws/build/ros2_webots/build install --record /home/xenor/ros2_webots_ws/build/ros2_webots/install.log --single-version-externally-managed install_data
[0.921s] running egg_info
[0.922s] writing ../../build/ros2_webots/ros2_webots.egg-info/PKG-INFO
[0.923s] writing dependency_links to ../../build/ros2_webots/ros2_webots.egg-info/dependency_links.txt
[0.923s] writing entry points to ../../build/ros2_webots/ros2_webots.egg-info/entry_points.txt
[0.923s] writing requirements to ../../build/ros2_webots/ros2_webots.egg-info/requires.txt
[0.923s] writing top-level names to ../../build/ros2_webots/ros2_webots.egg-info/top_level.txt
[0.925s] reading manifest file '../../build/ros2_webots/ros2_webots.egg-info/SOURCES.txt'
[0.926s] adding license file 'LICENSE'
[0.927s] writing manifest file '../../build/ros2_webots/ros2_webots.egg-info/SOURCES.txt'
[0.929s] running build
[0.930s] running build_py
[0.930s] running install
[0.931s] running install_lib
[0.932s] running install_data
[0.933s] copying worlds/car_2.wbt -> /home/xenor/ros2_webots_ws/install/ros2_webots/share/ros2_webots/worlds
[0.935s] running install_egg_info
[0.936s] removing '/home/xenor/ros2_webots_ws/install/ros2_webots/lib/python3.10/site-packages/ros2_webots-0.0.0-py3.10.egg-info' (and everything under it)
[0.936s] Copying ../../build/ros2_webots/ros2_webots.egg-info to /home/xenor/ros2_webots_ws/install/ros2_webots/lib/python3.10/site-packages/ros2_webots-0.0.0-py3.10.egg-info
[0.938s] running install_scripts
[0.956s] Installing obstacle_avoider script to /home/xenor/ros2_webots_ws/install/ros2_webots/lib/ros2_webots
[0.956s] writing list of installed files to '/home/xenor/ros2_webots_ws/build/ros2_webots/install.log'
[0.988s] Invoked command in '/home/xenor/ros2_webots_ws/src/ros2_webots' returned '0': PYTHONPATH=/home/xenor/ros2_webots_ws/build/ros2_webots/prefix_override:/usr/lib/python3/dist-packages/colcon_core/task/python/colcon_distutils_commands:/home/xenor/ros2_webots_ws/install/ros2_webots/lib/python3.10/site-packages:${PYTHONPATH} /usr/bin/python3 -W ignore:setup.py install is deprecated -W ignore:easy_install command is deprecated setup.py egg_info --egg-base ../../build/ros2_webots build --build-base /home/xenor/ros2_webots_ws/build/ros2_webots/build install --record /home/xenor/ros2_webots_ws/build/ros2_webots/install.log --single-version-externally-managed install_data
