running egg_info
writing ../../build/ros2_webots/ros2_webots.egg-info/PKG-INFO
writing dependency_links to ../../build/ros2_webots/ros2_webots.egg-info/dependency_links.txt
writing entry points to ../../build/ros2_webots/ros2_webots.egg-info/entry_points.txt
writing requirements to ../../build/ros2_webots/ros2_webots.egg-info/requires.txt
writing top-level names to ../../build/ros2_webots/ros2_webots.egg-info/top_level.txt
reading manifest file '../../build/ros2_webots/ros2_webots.egg-info/SOURCES.txt'
adding license file 'LICENSE'
writing manifest file '../../build/ros2_webots/ros2_webots.egg-info/SOURCES.txt'
running build
running build_py
copying ros2_webots/obstacle_avoider.py -> /home/xenor/ros2_webots_ws/build/ros2_webots/build/lib/ros2_webots
running install
running install_lib
copying /home/xenor/ros2_webots_ws/build/ros2_webots/build/lib/ros2_webots/obstacle_avoider.py -> /home/xenor/ros2_webots_ws/install/ros2_webots/lib/python3.10/site-packages/ros2_webots
byte-compiling /home/xenor/ros2_webots_ws/install/ros2_webots/lib/python3.10/site-packages/ros2_webots/obstacle_avoider.py to obstacle_avoider.cpython-310.pyc
running install_data
copying worlds/car_2.wbt -> /home/xenor/ros2_webots_ws/install/ros2_webots/share/ros2_webots/worlds
copying resource/car_with_sensors.urdf -> /home/xenor/ros2_webots_ws/install/ros2_webots/share/ros2_webots/resource
running install_egg_info
removing '/home/xenor/ros2_webots_ws/install/ros2_webots/lib/python3.10/site-packages/ros2_webots-0.0.0-py3.10.egg-info' (and everything under it)
Copying ../../build/ros2_webots/ros2_webots.egg-info to /home/xenor/ros2_webots_ws/install/ros2_webots/lib/python3.10/site-packages/ros2_webots-0.0.0-py3.10.egg-info
running install_scripts
Installing obstacle_avoider script to /home/xenor/ros2_webots_ws/install/ros2_webots/lib/ros2_webots
writing list of installed files to '/home/xenor/ros2_webots_ws/build/ros2_webots/install.log'
