[0.684s] Invoking command in '/home/xenor/ros2_webots_ws/src/ros2_webots': PYTHONPATH=/home/xenor/ros2_webots_ws/build/ros2_webots/prefix_override:/usr/lib/python3/dist-packages/colcon_core/task/python/colcon_distutils_commands:/home/xenor/ros2_webots_ws/install/ros2_webots/lib/python3.10/site-packages:${PYTHONPATH} /usr/bin/python3 -W ignore:setup.py install is deprecated -W ignore:easy_install command is deprecated setup.py egg_info --egg-base ../../build/ros2_webots build --build-base /home/xenor/ros2_webots_ws/build/ros2_webots/build install --record /home/xenor/ros2_webots_ws/build/ros2_webots/install.log --single-version-externally-managed install_data
[0.909s] running egg_info
[0.910s] writing ../../build/ros2_webots/ros2_webots.egg-info/PKG-INFO
[0.910s] writing dependency_links to ../../build/ros2_webots/ros2_webots.egg-info/dependency_links.txt
[0.910s] writing entry points to ../../build/ros2_webots/ros2_webots.egg-info/entry_points.txt
[0.911s] writing requirements to ../../build/ros2_webots/ros2_webots.egg-info/requires.txt
[0.911s] writing top-level names to ../../build/ros2_webots/ros2_webots.egg-info/top_level.txt
[0.913s] reading manifest file '../../build/ros2_webots/ros2_webots.egg-info/SOURCES.txt'
[0.913s] adding license file 'LICENSE'
[0.913s] writing manifest file '../../build/ros2_webots/ros2_webots.egg-info/SOURCES.txt'
[0.914s] running build
[0.914s] running build_py
[0.914s] copying ros2_webots/obstacle_avoider.py -> /home/xenor/ros2_webots_ws/build/ros2_webots/build/lib/ros2_webots
[0.914s] running install
[0.915s] running install_lib
[0.916s] copying /home/xenor/ros2_webots_ws/build/ros2_webots/build/lib/ros2_webots/obstacle_avoider.py -> /home/xenor/ros2_webots_ws/install/ros2_webots/lib/python3.10/site-packages/ros2_webots
[0.918s] byte-compiling /home/xenor/ros2_webots_ws/install/ros2_webots/lib/python3.10/site-packages/ros2_webots/obstacle_avoider.py to obstacle_avoider.cpython-310.pyc
[0.923s] running install_data
[0.926s] copying worlds/car_2.wbt -> /home/xenor/ros2_webots_ws/install/ros2_webots/share/ros2_webots/worlds
[0.928s] copying resource/car_with_sensors.urdf -> /home/xenor/ros2_webots_ws/install/ros2_webots/share/ros2_webots/resource
[0.929s] running install_egg_info
[0.931s] removing '/home/xenor/ros2_webots_ws/install/ros2_webots/lib/python3.10/site-packages/ros2_webots-0.0.0-py3.10.egg-info' (and everything under it)
[0.931s] Copying ../../build/ros2_webots/ros2_webots.egg-info to /home/xenor/ros2_webots_ws/install/ros2_webots/lib/python3.10/site-packages/ros2_webots-0.0.0-py3.10.egg-info
[0.933s] running install_scripts
[0.953s] Installing obstacle_avoider script to /home/xenor/ros2_webots_ws/install/ros2_webots/lib/ros2_webots
[0.953s] writing list of installed files to '/home/xenor/ros2_webots_ws/build/ros2_webots/install.log'
[0.982s] Invoked command in '/home/xenor/ros2_webots_ws/src/ros2_webots' returned '0': PYTHONPATH=/home/xenor/ros2_webots_ws/build/ros2_webots/prefix_override:/usr/lib/python3/dist-packages/colcon_core/task/python/colcon_distutils_commands:/home/xenor/ros2_webots_ws/install/ros2_webots/lib/python3.10/site-packages:${PYTHONPATH} /usr/bin/python3 -W ignore:setup.py install is deprecated -W ignore:easy_install command is deprecated setup.py egg_info --egg-base ../../build/ros2_webots build --build-base /home/xenor/ros2_webots_ws/build/ros2_webots/build install --record /home/xenor/ros2_webots_ws/build/ros2_webots/install.log --single-version-externally-managed install_data
