[0.788s] Invoking command in '/home/xenor/ros2_webots_ws/src/ros2_webots': PYTHONPATH=/home/xenor/ros2_webots_ws/build/ros2_webots/prefix_override:/usr/lib/python3/dist-packages/colcon_core/task/python/colcon_distutils_commands:/home/xenor/ros2_webots_ws/install/ros2_webots/lib/python3.10/site-packages:${PYTHONPATH} /usr/bin/python3 -W ignore:setup.py install is deprecated -W ignore:easy_install command is deprecated setup.py egg_info --egg-base ../../build/ros2_webots build --build-base /home/xenor/ros2_webots_ws/build/ros2_webots/build install --record /home/xenor/ros2_webots_ws/build/ros2_webots/install.log --single-version-externally-managed install_data
[1.078s] running egg_info
[1.078s] writing ../../build/ros2_webots/ros2_webots.egg-info/PKG-INFO
[1.078s] writing dependency_links to ../../build/ros2_webots/ros2_webots.egg-info/dependency_links.txt
[1.078s] writing entry points to ../../build/ros2_webots/ros2_webots.egg-info/entry_points.txt
[1.078s] writing requirements to ../../build/ros2_webots/ros2_webots.egg-info/requires.txt
[1.079s] writing top-level names to ../../build/ros2_webots/ros2_webots.egg-info/top_level.txt
[1.080s] reading manifest file '../../build/ros2_webots/ros2_webots.egg-info/SOURCES.txt'
[1.080s] adding license file 'LICENSE'
[1.081s] writing manifest file '../../build/ros2_webots/ros2_webots.egg-info/SOURCES.txt'
[1.081s] running build
[1.081s] running build_py
[1.081s] copying ros2_webots/teleop.py -> /home/xenor/ros2_webots_ws/build/ros2_webots/build/lib/ros2_webots
[1.081s] copying ros2_webots/car_driver.py -> /home/xenor/ros2_webots_ws/build/ros2_webots/build/lib/ros2_webots
[1.082s] running install
[1.082s] running install_lib
[1.083s] copying /home/xenor/ros2_webots_ws/build/ros2_webots/build/lib/ros2_webots/teleop.py -> /home/xenor/ros2_webots_ws/install/ros2_webots/lib/python3.10/site-packages/ros2_webots
[1.083s] copying /home/xenor/ros2_webots_ws/build/ros2_webots/build/lib/ros2_webots/car_driver.py -> /home/xenor/ros2_webots_ws/install/ros2_webots/lib/python3.10/site-packages/ros2_webots
[1.084s] byte-compiling /home/xenor/ros2_webots_ws/install/ros2_webots/lib/python3.10/site-packages/ros2_webots/teleop.py to teleop.cpython-310.pyc
[1.085s] byte-compiling /home/xenor/ros2_webots_ws/install/ros2_webots/lib/python3.10/site-packages/ros2_webots/car_driver.py to car_driver.cpython-310.pyc
[1.086s] running install_data
[1.086s] copying launch/car_first_launch.py -> /home/xenor/ros2_webots_ws/install/ros2_webots/share/ros2_webots/launch
[1.086s] copying resource/car_teleop.urdf -> /home/xenor/ros2_webots_ws/install/ros2_webots/share/ros2_webots/resource
[1.086s] running install_egg_info
[1.088s] removing '/home/xenor/ros2_webots_ws/install/ros2_webots/lib/python3.10/site-packages/ros2_webots-0.0.0-py3.10.egg-info' (and everything under it)
[1.088s] Copying ../../build/ros2_webots/ros2_webots.egg-info to /home/xenor/ros2_webots_ws/install/ros2_webots/lib/python3.10/site-packages/ros2_webots-0.0.0-py3.10.egg-info
[1.089s] running install_scripts
[1.108s] Installing obstacle_avoider script to /home/xenor/ros2_webots_ws/install/ros2_webots/lib/ros2_webots
[1.109s] writing list of installed files to '/home/xenor/ros2_webots_ws/build/ros2_webots/install.log'
[1.152s] Invoked command in '/home/xenor/ros2_webots_ws/src/ros2_webots' returned '0': PYTHONPATH=/home/xenor/ros2_webots_ws/build/ros2_webots/prefix_override:/usr/lib/python3/dist-packages/colcon_core/task/python/colcon_distutils_commands:/home/xenor/ros2_webots_ws/install/ros2_webots/lib/python3.10/site-packages:${PYTHONPATH} /usr/bin/python3 -W ignore:setup.py install is deprecated -W ignore:easy_install command is deprecated setup.py egg_info --egg-base ../../build/ros2_webots build --build-base /home/xenor/ros2_webots_ws/build/ros2_webots/build install --record /home/xenor/ros2_webots_ws/build/ros2_webots/install.log --single-version-externally-managed install_data
