[0.219s] DEBUG:colcon:Command line arguments: ['/usr/bin/colcon', 'build']
[0.219s] DEBUG:colcon:Parsed command line arguments: Namespace(log_base=None, log_level=None, verb_name='build', build_base='build', install_base='install', merge_install=False, symlink_install=False, test_result_base=None, continue_on_error=False, executor='parallel', parallel_workers=4, event_handlers=None, ignore_user_meta=False, metas=['./colcon.meta'], base_paths=['.'], packages_ignore=None, packages_ignore_regex=None, paths=None, packages_up_to=None, packages_up_to_regex=None, packages_above=None, packages_above_and_dependencies=None, packages_above_depth=None, packages_select_by_dep=None, packages_skip_by_dep=None, packages_skip_up_to=None, packages_select_build_failed=False, packages_skip_build_finished=False, packages_select_test_failures=False, packages_skip_test_passed=False, packages_select=None, packages_skip=None, packages_select_regex=None, packages_skip_regex=None, packages_start=None, packages_end=None, allow_overriding=[], cmake_args=None, cmake_target=None, cmake_target_skip_unavailable=False, cmake_clean_cache=False, cmake_clean_first=False, cmake_force_configure=False, ament_cmake_args=None, catkin_cmake_args=None, catkin_skip_building_tests=False, mixin_files=None, mixin=None, verb_parser=<colcon_mixin.mixin.mixin_argument.MixinArgumentDecorator object at 0x7f7dc92d2e30>, verb_extension=<colcon_core.verb.build.BuildVerb object at 0x7f7dc92d29e0>, main=<bound method BuildVerb.main of <colcon_core.verb.build.BuildVerb object at 0x7f7dc92d29e0>>, mixin_verb=('build',))
[-2.093s] Level 1:colcon.colcon_core.package_discovery:discover_packages(colcon_meta) check parameters
[-2.093s] Level 1:colcon.colcon_core.package_discovery:discover_packages(recursive) check parameters
[-2.093s] Level 1:colcon.colcon_core.package_discovery:discover_packages(ignore) check parameters
[-2.093s] Level 1:colcon.colcon_core.package_discovery:discover_packages(path) check parameters
[-2.093s] Level 1:colcon.colcon_core.package_discovery:discover_packages(colcon_meta) discover
[-2.093s] Level 1:colcon.colcon_core.package_discovery:discover_packages(recursive) discover
[-2.093s] INFO:colcon.colcon_core.package_discovery:Crawling recursively for packages in '/home/xenor/ros2_webots_ws'
[-2.093s] Level 1:colcon.colcon_core.package_identification:_identify(.) by extensions ['ignore', 'ignore_ament_install']
[-2.093s] Level 1:colcon.colcon_core.package_identification:_identify(.) by extension 'ignore'
[-2.093s] Level 1:colcon.colcon_core.package_identification:_identify(.) by extension 'ignore_ament_install'
[-2.093s] Level 1:colcon.colcon_core.package_identification:_identify(.) by extensions ['colcon_pkg']
[-2.092s] Level 1:colcon.colcon_core.package_identification:_identify(.) by extension 'colcon_pkg'
[-2.092s] Level 1:colcon.colcon_core.package_identification:_identify(.) by extensions ['colcon_meta']
[-2.092s] Level 1:colcon.colcon_core.package_identification:_identify(.) by extension 'colcon_meta'
[-2.092s] Level 1:colcon.colcon_core.package_identification:_identify(.) by extensions ['ros']
[-2.092s] Level 1:colcon.colcon_core.package_identification:_identify(.) by extension 'ros'
[-2.081s] Level 1:colcon.colcon_core.package_identification:_identify(.) by extensions ['cmake', 'python']
[-2.081s] Level 1:colcon.colcon_core.package_identification:_identify(.) by extension 'cmake'
[-2.081s] Level 1:colcon.colcon_core.package_identification:_identify(.) by extension 'python'
[-2.081s] Level 1:colcon.colcon_core.package_identification:_identify(.) by extensions ['python_setup_py']
[-2.081s] Level 1:colcon.colcon_core.package_identification:_identify(.) by extension 'python_setup_py'
[-2.080s] Level 1:colcon.colcon_core.package_identification:_identify(build) by extensions ['ignore', 'ignore_ament_install']
[-2.080s] Level 1:colcon.colcon_core.package_identification:_identify(build) by extension 'ignore'
[-2.080s] Level 1:colcon.colcon_core.package_identification:_identify(build) ignored
[-2.080s] Level 1:colcon.colcon_core.package_identification:_identify(install) by extensions ['ignore', 'ignore_ament_install']
[-2.080s] Level 1:colcon.colcon_core.package_identification:_identify(install) by extension 'ignore'
[-2.080s] Level 1:colcon.colcon_core.package_identification:_identify(install) ignored
[-2.080s] Level 1:colcon.colcon_core.package_identification:_identify(log) by extensions ['ignore', 'ignore_ament_install']
[-2.080s] Level 1:colcon.colcon_core.package_identification:_identify(log) by extension 'ignore'
[-2.080s] Level 1:colcon.colcon_core.package_identification:_identify(log) ignored
[-2.080s] Level 1:colcon.colcon_core.package_identification:_identify(src) by extensions ['ignore', 'ignore_ament_install']
[-2.080s] Level 1:colcon.colcon_core.package_identification:_identify(src) by extension 'ignore'
[-2.079s] Level 1:colcon.colcon_core.package_identification:_identify(src) by extension 'ignore_ament_install'
[-2.079s] Level 1:colcon.colcon_core.package_identification:_identify(src) by extensions ['colcon_pkg']
[-2.079s] Level 1:colcon.colcon_core.package_identification:_identify(src) by extension 'colcon_pkg'
[-2.079s] Level 1:colcon.colcon_core.package_identification:_identify(src) by extensions ['colcon_meta']
[-2.079s] Level 1:colcon.colcon_core.package_identification:_identify(src) by extension 'colcon_meta'
[-2.079s] Level 1:colcon.colcon_core.package_identification:_identify(src) by extensions ['ros']
[-2.079s] Level 1:colcon.colcon_core.package_identification:_identify(src) by extension 'ros'
[-2.079s] Level 1:colcon.colcon_core.package_identification:_identify(src) by extensions ['cmake', 'python']
[-2.079s] Level 1:colcon.colcon_core.package_identification:_identify(src) by extension 'cmake'
[-2.079s] Level 1:colcon.colcon_core.package_identification:_identify(src) by extension 'python'
[-2.079s] Level 1:colcon.colcon_core.package_identification:_identify(src) by extensions ['python_setup_py']
[-2.079s] Level 1:colcon.colcon_core.package_identification:_identify(src) by extension 'python_setup_py'
[-2.079s] Level 1:colcon.colcon_core.package_identification:_identify(src/ros2_webots) by extensions ['ignore', 'ignore_ament_install']
[-2.079s] Level 1:colcon.colcon_core.package_identification:_identify(src/ros2_webots) by extension 'ignore'
[-2.079s] Level 1:colcon.colcon_core.package_identification:_identify(src/ros2_webots) by extension 'ignore_ament_install'
[-2.079s] Level 1:colcon.colcon_core.package_identification:_identify(src/ros2_webots) by extensions ['colcon_pkg']
[-2.079s] Level 1:colcon.colcon_core.package_identification:_identify(src/ros2_webots) by extension 'colcon_pkg'
[-2.079s] Level 1:colcon.colcon_core.package_identification:_identify(src/ros2_webots) by extensions ['colcon_meta']
[-2.079s] Level 1:colcon.colcon_core.package_identification:_identify(src/ros2_webots) by extension 'colcon_meta'
[-2.079s] Level 1:colcon.colcon_core.package_identification:_identify(src/ros2_webots) by extensions ['ros']
[-2.079s] Level 1:colcon.colcon_core.package_identification:_identify(src/ros2_webots) by extension 'ros'
[-2.076s] DEBUG:colcon.colcon_core.package_identification:Package 'src/ros2_webots' with type 'ros.ament_python' and name 'ros2_webots'
[-2.076s] Level 1:colcon.colcon_core.package_discovery:discover_packages(recursive) using defaults
[-2.076s] Level 1:colcon.colcon_core.package_discovery:discover_packages(ignore) discover
[-2.076s] Level 1:colcon.colcon_core.package_discovery:discover_packages(ignore) using defaults
[-2.076s] Level 1:colcon.colcon_core.package_discovery:discover_packages(path) discover
[-2.076s] Level 1:colcon.colcon_core.package_discovery:discover_packages(path) using defaults
[-2.034s] Level 1:colcon.colcon_core.package_discovery:discover_packages(prefix_path) check parameters
[-2.034s] Level 1:colcon.colcon_core.package_discovery:discover_packages(prefix_path) discover
[-2.032s] DEBUG:colcon.colcon_installed_package_information.package_discovery:Found 1 installed packages in /home/xenor/ros2_webots_ws/install
[-2.032s] DEBUG:colcon.colcon_installed_package_information.package_discovery:Found 1 installed packages in /home/xenor/ros2_ws/install
[-2.030s] DEBUG:colcon.colcon_installed_package_information.package_discovery:Found 328 installed packages in /opt/ros/humble
[-2.029s] Level 1:colcon.colcon_core.package_discovery:discover_packages(prefix_path) using defaults
[-1.985s] Level 5:colcon.colcon_core.verb:set package 'ros2_webots' build argument 'cmake_args' from command line to 'None'
[-1.985s] Level 5:colcon.colcon_core.verb:set package 'ros2_webots' build argument 'cmake_target' from command line to 'None'
[-1.985s] Level 5:colcon.colcon_core.verb:set package 'ros2_webots' build argument 'cmake_target_skip_unavailable' from command line to 'False'
[-1.985s] Level 5:colcon.colcon_core.verb:set package 'ros2_webots' build argument 'cmake_clean_cache' from command line to 'False'
[-1.985s] Level 5:colcon.colcon_core.verb:set package 'ros2_webots' build argument 'cmake_clean_first' from command line to 'False'
[-1.985s] Level 5:colcon.colcon_core.verb:set package 'ros2_webots' build argument 'cmake_force_configure' from command line to 'False'
[-1.985s] Level 5:colcon.colcon_core.verb:set package 'ros2_webots' build argument 'ament_cmake_args' from command line to 'None'
[-1.985s] Level 5:colcon.colcon_core.verb:set package 'ros2_webots' build argument 'catkin_cmake_args' from command line to 'None'
[-1.985s] Level 5:colcon.colcon_core.verb:set package 'ros2_webots' build argument 'catkin_skip_building_tests' from command line to 'False'
[-1.985s] DEBUG:colcon.colcon_core.verb:Building package 'ros2_webots' with the following arguments: {'ament_cmake_args': None, 'build_base': '/home/xenor/ros2_webots_ws/build/ros2_webots', 'catkin_cmake_args': None, 'catkin_skip_building_tests': False, 'cmake_args': None, 'cmake_clean_cache': False, 'cmake_clean_first': False, 'cmake_force_configure': False, 'cmake_target': None, 'cmake_target_skip_unavailable': False, 'install_base': '/home/xenor/ros2_webots_ws/install/ros2_webots', 'merge_install': False, 'path': '/home/xenor/ros2_webots_ws/src/ros2_webots', 'symlink_install': False, 'test_result_base': None}
[-1.985s] INFO:colcon.colcon_core.executor:Executing jobs using 'parallel' executor
[-1.983s] DEBUG:colcon.colcon_parallel_executor.executor.parallel:run_until_complete
[-1.983s] INFO:colcon.colcon_ros.task.ament_python.build:Building ROS package in '/home/xenor/ros2_webots_ws/src/ros2_webots' with build type 'ament_python'
[-1.982s] Level 1:colcon.colcon_core.shell:create_environment_hook('ros2_webots', 'ament_prefix_path')
[-1.980s] INFO:colcon.colcon_core.plugin_system:Skipping extension 'colcon_core.shell.bat': Not used on non-Windows systems
[-1.980s] INFO:colcon.colcon_core.shell:Creating environment hook '/home/xenor/ros2_webots_ws/install/ros2_webots/share/ros2_webots/hook/ament_prefix_path.ps1'
[-1.979s] INFO:colcon.colcon_core.shell:Creating environment descriptor '/home/xenor/ros2_webots_ws/install/ros2_webots/share/ros2_webots/hook/ament_prefix_path.dsv'
[-1.974s] INFO:colcon.colcon_core.shell:Creating environment hook '/home/xenor/ros2_webots_ws/install/ros2_webots/share/ros2_webots/hook/ament_prefix_path.sh'
[-1.973s] INFO:colcon.colcon_core.shell:Skip shell extension 'powershell' for command environment: Not usable outside of PowerShell
[-1.973s] DEBUG:colcon.colcon_core.shell:Skip shell extension 'dsv' for command environment
[-1.616s] WARNING:colcon.colcon_ros.task.ament_python.build:Package 'ros2_webots' doesn't explicitly install the 'package.xml' file (colcon-ros currently does it implicitly but that fallback will be removed in the future)
[-1.616s] INFO:colcon.colcon_core.task.python.build:Building Python package in '/home/xenor/ros2_webots_ws/src/ros2_webots'
[-1.615s] INFO:colcon.colcon_core.shell:Skip shell extension 'powershell' for command environment: Not usable outside of PowerShell
[-1.615s] DEBUG:colcon.colcon_core.shell:Skip shell extension 'dsv' for command environment
[-0.904s] DEBUG:colcon.colcon_core.event_handler.log_command:Invoking command in '/home/xenor/ros2_webots_ws/src/ros2_webots': PYTHONPATH=/home/xenor/ros2_webots_ws/build/ros2_webots/prefix_override:/usr/lib/python3/dist-packages/colcon_core/task/python/colcon_distutils_commands:/home/xenor/ros2_webots_ws/install/ros2_webots/lib/python3.10/site-packages:${PYTHONPATH} /usr/bin/python3 -W ignore:setup.py install is deprecated -W ignore:easy_install command is deprecated setup.py egg_info --egg-base ../../build/ros2_webots build --build-base /home/xenor/ros2_webots_ws/build/ros2_webots/build install --record /home/xenor/ros2_webots_ws/build/ros2_webots/install.log --single-version-externally-managed install_data
[-0.500s] DEBUG:colcon.colcon_core.event_handler.log_command:Invoked command in '/home/xenor/ros2_webots_ws/src/ros2_webots' returned '0': PYTHONPATH=/home/xenor/ros2_webots_ws/build/ros2_webots/prefix_override:/usr/lib/python3/dist-packages/colcon_core/task/python/colcon_distutils_commands:/home/xenor/ros2_webots_ws/install/ros2_webots/lib/python3.10/site-packages:${PYTHONPATH} /usr/bin/python3 -W ignore:setup.py install is deprecated -W ignore:easy_install command is deprecated setup.py egg_info --egg-base ../../build/ros2_webots build --build-base /home/xenor/ros2_webots_ws/build/ros2_webots/build install --record /home/xenor/ros2_webots_ws/build/ros2_webots/install.log --single-version-externally-managed install_data
[-0.498s] Level 1:colcon.colcon_core.environment:checking '/home/xenor/ros2_webots_ws/install/ros2_webots' for CMake module files
[-0.498s] Level 1:colcon.colcon_core.environment:checking '/home/xenor/ros2_webots_ws/install/ros2_webots' for CMake config files
[-0.497s] Level 1:colcon.colcon_core.environment:checking '/home/xenor/ros2_webots_ws/install/ros2_webots/lib'
[-0.497s] Level 1:colcon.colcon_core.environment:checking '/home/xenor/ros2_webots_ws/install/ros2_webots/bin'
[-0.497s] Level 1:colcon.colcon_core.environment:checking '/home/xenor/ros2_webots_ws/install/ros2_webots/lib/pkgconfig/ros2_webots.pc'
[-0.496s] Level 1:colcon.colcon_core.environment:checking '/home/xenor/ros2_webots_ws/install/ros2_webots/lib/python3.10/site-packages'
[-0.496s] Level 1:colcon.colcon_core.shell:create_environment_hook('ros2_webots', 'pythonpath')
[-0.496s] INFO:colcon.colcon_core.shell:Creating environment hook '/home/xenor/ros2_webots_ws/install/ros2_webots/share/ros2_webots/hook/pythonpath.ps1'
[-0.495s] INFO:colcon.colcon_core.shell:Creating environment descriptor '/home/xenor/ros2_webots_ws/install/ros2_webots/share/ros2_webots/hook/pythonpath.dsv'
[-0.495s] INFO:colcon.colcon_core.shell:Creating environment hook '/home/xenor/ros2_webots_ws/install/ros2_webots/share/ros2_webots/hook/pythonpath.sh'
[-0.495s] Level 1:colcon.colcon_core.environment:checking '/home/xenor/ros2_webots_ws/install/ros2_webots/bin'
[-0.494s] Level 1:colcon.colcon_core.environment:create_environment_scripts_only(ros2_webots)
[-0.494s] INFO:colcon.colcon_core.shell:Creating package script '/home/xenor/ros2_webots_ws/install/ros2_webots/share/ros2_webots/package.ps1'
[-0.493s] INFO:colcon.colcon_core.shell:Creating package descriptor '/home/xenor/ros2_webots_ws/install/ros2_webots/share/ros2_webots/package.dsv'
[-0.492s] INFO:colcon.colcon_core.shell:Creating package script '/home/xenor/ros2_webots_ws/install/ros2_webots/share/ros2_webots/package.sh'
[-0.491s] INFO:colcon.colcon_core.shell:Creating package script '/home/xenor/ros2_webots_ws/install/ros2_webots/share/ros2_webots/package.bash'
[-0.490s] INFO:colcon.colcon_core.shell:Creating package script '/home/xenor/ros2_webots_ws/install/ros2_webots/share/ros2_webots/package.zsh'
[-0.489s] Level 1:colcon.colcon_core.environment:create_file_with_runtime_dependencies(/home/xenor/ros2_webots_ws/install/ros2_webots/share/colcon-core/packages/ros2_webots)
[-0.488s] DEBUG:colcon.colcon_parallel_executor.executor.parallel:closing loop
[-0.488s] DEBUG:colcon.colcon_parallel_executor.executor.parallel:loop closed
[-0.487s] DEBUG:colcon.colcon_parallel_executor.executor.parallel:run_until_complete finished with '0'
[-0.487s] DEBUG:colcon.colcon_core.event_reactor:joining thread
[-0.407s] INFO:colcon.colcon_core.plugin_system:Skipping extension 'colcon_notification.desktop_notification.notify_send': Could not find 'notify-send'
[-0.407s] INFO:colcon.colcon_core.plugin_system:Skipping extension 'colcon_notification.desktop_notification.terminal_notifier': Not used on non-Darwin systems
[-0.407s] INFO:colcon.colcon_core.plugin_system:Skipping extension 'colcon_notification.desktop_notification.win32': Not used on non-Windows systems
[-0.406s] INFO:colcon.colcon_notification.desktop_notification:Sending desktop notification using 'notify2'
[-0.406s] DEBUG:colcon.colcon_notification.desktop_notification.notify2:Failed to initialize notify2: org.freedesktop.DBus.Error.FileNotFound: Failed to connect to socket /run/user/1000/bus: No such file or directory
[-0.405s] DEBUG:colcon.colcon_core.event_reactor:joined thread
[-0.405s] INFO:colcon.colcon_core.shell:Creating prefix script '/home/xenor/ros2_webots_ws/install/local_setup.ps1'
[-0.402s] INFO:colcon.colcon_core.shell:Creating prefix util module '/home/xenor/ros2_webots_ws/install/_local_setup_util_ps1.py'
[-0.400s] INFO:colcon.colcon_core.shell:Creating prefix chain script '/home/xenor/ros2_webots_ws/install/setup.ps1'
[-0.398s] INFO:colcon.colcon_core.shell:Creating prefix script '/home/xenor/ros2_webots_ws/install/local_setup.sh'
[-0.397s] INFO:colcon.colcon_core.shell:Creating prefix util module '/home/xenor/ros2_webots_ws/install/_local_setup_util_sh.py'
[-0.395s] INFO:colcon.colcon_core.shell:Creating prefix chain script '/home/xenor/ros2_webots_ws/install/setup.sh'
[-0.393s] INFO:colcon.colcon_core.shell:Creating prefix script '/home/xenor/ros2_webots_ws/install/local_setup.bash'
[-0.392s] INFO:colcon.colcon_core.shell:Creating prefix chain script '/home/xenor/ros2_webots_ws/install/setup.bash'
[-0.390s] INFO:colcon.colcon_core.shell:Creating prefix script '/home/xenor/ros2_webots_ws/install/local_setup.zsh'
[-0.389s] INFO:colcon.colcon_core.shell:Creating prefix chain script '/home/xenor/ros2_webots_ws/install/setup.zsh'
