[0.616s] Invoking command in '/home/xenor/ros2_webots_ws/src/ros2_webots': PYTHONPATH=/home/xenor/ros2_webots_ws/build/ros2_webots/prefix_override:/usr/lib/python3/dist-packages/colcon_core/task/python/colcon_distutils_commands:/home/xenor/ros2_webots_ws/install/ros2_webots/lib/python3.10/site-packages:${PYTHONPATH} /usr/bin/python3 -W ignore:setup.py install is deprecated -W ignore:easy_install command is deprecated setup.py egg_info --egg-base ../../build/ros2_webots build --build-base /home/xenor/ros2_webots_ws/build/ros2_webots/build install --record /home/xenor/ros2_webots_ws/build/ros2_webots/install.log --single-version-externally-managed install_data
[0.828s] running egg_info
[0.829s] writing ../../build/ros2_webots/ros2_webots.egg-info/PKG-INFO
[0.829s] writing dependency_links to ../../build/ros2_webots/ros2_webots.egg-info/dependency_links.txt
[0.829s] writing entry points to ../../build/ros2_webots/ros2_webots.egg-info/entry_points.txt
[0.829s] writing requirements to ../../build/ros2_webots/ros2_webots.egg-info/requires.txt
[0.830s] writing top-level names to ../../build/ros2_webots/ros2_webots.egg-info/top_level.txt
[0.832s] reading manifest file '../../build/ros2_webots/ros2_webots.egg-info/SOURCES.txt'
[0.832s] adding license file 'LICENSE'
[0.834s] writing manifest file '../../build/ros2_webots/ros2_webots.egg-info/SOURCES.txt'
[0.834s] running build
[0.834s] running build_py
[0.834s] copying ros2_webots/epuck.py -> /home/xenor/ros2_webots_ws/build/ros2_webots/build/lib/ros2_webots
[0.835s] running install
[0.835s] running install_lib
[0.837s] copying /home/xenor/ros2_webots_ws/build/ros2_webots/build/lib/ros2_webots/epuck.py -> /home/xenor/ros2_webots_ws/install/ros2_webots/lib/python3.10/site-packages/ros2_webots
[0.837s] byte-compiling /home/xenor/ros2_webots_ws/install/ros2_webots/lib/python3.10/site-packages/ros2_webots/epuck.py to epuck.cpython-310.pyc
[0.838s] running install_data
[0.838s] running install_egg_info
[0.840s] removing '/home/xenor/ros2_webots_ws/install/ros2_webots/lib/python3.10/site-packages/ros2_webots-0.0.0-py3.10.egg-info' (and everything under it)
[0.842s] Copying ../../build/ros2_webots/ros2_webots.egg-info to /home/xenor/ros2_webots_ws/install/ros2_webots/lib/python3.10/site-packages/ros2_webots-0.0.0-py3.10.egg-info
[0.843s] running install_scripts
[0.864s] Installing obstacle_avoider script to /home/xenor/ros2_webots_ws/install/ros2_webots/lib/ros2_webots
[0.865s] writing list of installed files to '/home/xenor/ros2_webots_ws/build/ros2_webots/install.log'
[0.894s] Invoked command in '/home/xenor/ros2_webots_ws/src/ros2_webots' returned '0': PYTHONPATH=/home/xenor/ros2_webots_ws/build/ros2_webots/prefix_override:/usr/lib/python3/dist-packages/colcon_core/task/python/colcon_distutils_commands:/home/xenor/ros2_webots_ws/install/ros2_webots/lib/python3.10/site-packages:${PYTHONPATH} /usr/bin/python3 -W ignore:setup.py install is deprecated -W ignore:easy_install command is deprecated setup.py egg_info --egg-base ../../build/ros2_webots build --build-base /home/xenor/ros2_webots_ws/build/ros2_webots/build install --record /home/xenor/ros2_webots_ws/build/ros2_webots/install.log --single-version-externally-managed install_data
