running egg_info
creating ../../build/ros2_webots/ros2_webots.egg-info
writing ../../build/ros2_webots/ros2_webots.egg-info/PKG-INFO
writing dependency_links to ../../build/ros2_webots/ros2_webots.egg-info/dependency_links.txt
writing entry points to ../../build/ros2_webots/ros2_webots.egg-info/entry_points.txt
writing requirements to ../../build/ros2_webots/ros2_webots.egg-info/requires.txt
writing top-level names to ../../build/ros2_webots/ros2_webots.egg-info/top_level.txt
writing manifest file '../../build/ros2_webots/ros2_webots.egg-info/SOURCES.txt'
reading manifest file '../../build/ros2_webots/ros2_webots.egg-info/SOURCES.txt'
adding license file 'LICENSE'
writing manifest file '../../build/ros2_webots/ros2_webots.egg-info/SOURCES.txt'
running build
running build_py
creating /home/xenor/ros2_webots_ws/build/ros2_webots/build
creating /home/xenor/ros2_webots_ws/build/ros2_webots/build/lib
creating /home/xenor/ros2_webots_ws/build/ros2_webots/build/lib/ros2_webots
copying ros2_webots/car_driver.py -> /home/xenor/ros2_webots_ws/build/ros2_webots/build/lib/ros2_webots
copying ros2_webots/__init__.py -> /home/xenor/ros2_webots_ws/build/ros2_webots/build/lib/ros2_webots
running install
running install_lib
creating /home/xenor/ros2_webots_ws/install/ros2_webots/lib/python3.10/site-packages/ros2_webots
copying /home/xenor/ros2_webots_ws/build/ros2_webots/build/lib/ros2_webots/car_driver.py -> /home/xenor/ros2_webots_ws/install/ros2_webots/lib/python3.10/site-packages/ros2_webots
copying /home/xenor/ros2_webots_ws/build/ros2_webots/build/lib/ros2_webots/__init__.py -> /home/xenor/ros2_webots_ws/install/ros2_webots/lib/python3.10/site-packages/ros2_webots
byte-compiling /home/xenor/ros2_webots_ws/install/ros2_webots/lib/python3.10/site-packages/ros2_webots/car_driver.py to car_driver.cpython-310.pyc
byte-compiling /home/xenor/ros2_webots_ws/install/ros2_webots/lib/python3.10/site-packages/ros2_webots/__init__.py to __init__.cpython-310.pyc
running install_data
creating /home/xenor/ros2_webots_ws/install/ros2_webots/share/ament_index
creating /home/xenor/ros2_webots_ws/install/ros2_webots/share/ament_index/resource_index
creating /home/xenor/ros2_webots_ws/install/ros2_webots/share/ament_index/resource_index/packages
copying resource/ros2_webots -> /home/xenor/ros2_webots_ws/install/ros2_webots/share/ament_index/resource_index/packages
creating /home/xenor/ros2_webots_ws/install/ros2_webots/shareros2_webots
copying package.xml -> /home/xenor/ros2_webots_ws/install/ros2_webots/shareros2_webots
creating /home/xenor/ros2_webots_ws/install/ros2_webots/share/ros2_webots/launch
copying launch/car_first_launch.py -> /home/xenor/ros2_webots_ws/install/ros2_webots/share/ros2_webots/launch
creating /home/xenor/ros2_webots_ws/install/ros2_webots/share/ros2_webots/worlds
copying worlds/car_1.wbt -> /home/xenor/ros2_webots_ws/install/ros2_webots/share/ros2_webots/worlds
running install_egg_info
Copying ../../build/ros2_webots/ros2_webots.egg-info to /home/xenor/ros2_webots_ws/install/ros2_webots/lib/python3.10/site-packages/ros2_webots-0.0.0-py3.10.egg-info
running install_scripts
Installing car_driver script to /home/xenor/ros2_webots_ws/install/ros2_webots/lib/ros2_webots
writing list of installed files to '/home/xenor/ros2_webots_ws/build/ros2_webots/install.log'
