[0.899s] Invoking command in '/home/xenor/ros2_webots_ws/src/ros2_webots': PYTHONPATH=/home/xenor/ros2_webots_ws/build/ros2_webots/prefix_override:/usr/lib/python3/dist-packages/colcon_core/task/python/colcon_distutils_commands:/home/xenor/ros2_webots_ws/install/ros2_webots/lib/python3.10/site-packages:${PYTHONPATH} /usr/bin/python3 -W ignore:setup.py install is deprecated -W ignore:easy_install command is deprecated setup.py egg_info --egg-base ../../build/ros2_webots build --build-base /home/xenor/ros2_webots_ws/build/ros2_webots/build install --record /home/xenor/ros2_webots_ws/build/ros2_webots/install.log --single-version-externally-managed install_data
[1.099s] running egg_info
[1.099s] creating ../../build/ros2_webots/ros2_webots.egg-info
[1.100s] writing ../../build/ros2_webots/ros2_webots.egg-info/PKG-INFO
[1.100s] writing dependency_links to ../../build/ros2_webots/ros2_webots.egg-info/dependency_links.txt
[1.100s] writing entry points to ../../build/ros2_webots/ros2_webots.egg-info/entry_points.txt
[1.100s] writing requirements to ../../build/ros2_webots/ros2_webots.egg-info/requires.txt
[1.100s] writing top-level names to ../../build/ros2_webots/ros2_webots.egg-info/top_level.txt
[1.100s] writing manifest file '../../build/ros2_webots/ros2_webots.egg-info/SOURCES.txt'
[1.102s] reading manifest file '../../build/ros2_webots/ros2_webots.egg-info/SOURCES.txt'
[1.102s] adding license file 'LICENSE'
[1.103s] writing manifest file '../../build/ros2_webots/ros2_webots.egg-info/SOURCES.txt'
[1.103s] running build
[1.103s] running build_py
[1.103s] creating /home/xenor/ros2_webots_ws/build/ros2_webots/build
[1.103s] creating /home/xenor/ros2_webots_ws/build/ros2_webots/build/lib
[1.103s] creating /home/xenor/ros2_webots_ws/build/ros2_webots/build/lib/ros2_webots
[1.104s] copying ros2_webots/car_driver.py -> /home/xenor/ros2_webots_ws/build/ros2_webots/build/lib/ros2_webots
[1.104s] copying ros2_webots/__init__.py -> /home/xenor/ros2_webots_ws/build/ros2_webots/build/lib/ros2_webots
[1.104s] running install
[1.104s] running install_lib
[1.105s] creating /home/xenor/ros2_webots_ws/install/ros2_webots/lib/python3.10/site-packages/ros2_webots
[1.105s] copying /home/xenor/ros2_webots_ws/build/ros2_webots/build/lib/ros2_webots/car_driver.py -> /home/xenor/ros2_webots_ws/install/ros2_webots/lib/python3.10/site-packages/ros2_webots
[1.105s] copying /home/xenor/ros2_webots_ws/build/ros2_webots/build/lib/ros2_webots/__init__.py -> /home/xenor/ros2_webots_ws/install/ros2_webots/lib/python3.10/site-packages/ros2_webots
[1.106s] byte-compiling /home/xenor/ros2_webots_ws/install/ros2_webots/lib/python3.10/site-packages/ros2_webots/car_driver.py to car_driver.cpython-310.pyc
[1.106s] byte-compiling /home/xenor/ros2_webots_ws/install/ros2_webots/lib/python3.10/site-packages/ros2_webots/__init__.py to __init__.cpython-310.pyc
[1.106s] running install_data
[1.106s] creating /home/xenor/ros2_webots_ws/install/ros2_webots/share/ament_index
[1.106s] creating /home/xenor/ros2_webots_ws/install/ros2_webots/share/ament_index/resource_index
[1.107s] creating /home/xenor/ros2_webots_ws/install/ros2_webots/share/ament_index/resource_index/packages
[1.107s] copying resource/ros2_webots -> /home/xenor/ros2_webots_ws/install/ros2_webots/share/ament_index/resource_index/packages
[1.107s] creating /home/xenor/ros2_webots_ws/install/ros2_webots/shareros2_webots
[1.107s] copying package.xml -> /home/xenor/ros2_webots_ws/install/ros2_webots/shareros2_webots
[1.107s] creating /home/xenor/ros2_webots_ws/install/ros2_webots/share/ros2_webots/launch
[1.107s] copying launch/car_first_launch.py -> /home/xenor/ros2_webots_ws/install/ros2_webots/share/ros2_webots/launch
[1.108s] creating /home/xenor/ros2_webots_ws/install/ros2_webots/share/ros2_webots/worlds
[1.108s] copying worlds/car_1.wbt -> /home/xenor/ros2_webots_ws/install/ros2_webots/share/ros2_webots/worlds
[1.108s] running install_egg_info
[1.110s] Copying ../../build/ros2_webots/ros2_webots.egg-info to /home/xenor/ros2_webots_ws/install/ros2_webots/lib/python3.10/site-packages/ros2_webots-0.0.0-py3.10.egg-info
[1.115s] running install_scripts
[1.136s] Installing car_driver script to /home/xenor/ros2_webots_ws/install/ros2_webots/lib/ros2_webots
[1.137s] writing list of installed files to '/home/xenor/ros2_webots_ws/build/ros2_webots/install.log'
[1.160s] Invoked command in '/home/xenor/ros2_webots_ws/src/ros2_webots' returned '0': PYTHONPATH=/home/xenor/ros2_webots_ws/build/ros2_webots/prefix_override:/usr/lib/python3/dist-packages/colcon_core/task/python/colcon_distutils_commands:/home/xenor/ros2_webots_ws/install/ros2_webots/lib/python3.10/site-packages:${PYTHONPATH} /usr/bin/python3 -W ignore:setup.py install is deprecated -W ignore:easy_install command is deprecated setup.py egg_info --egg-base ../../build/ros2_webots build --build-base /home/xenor/ros2_webots_ws/build/ros2_webots/build install --record /home/xenor/ros2_webots_ws/build/ros2_webots/install.log --single-version-externally-managed install_data
