[1.187s] Invoking command in '/home/xenor/ros2_webots_ws/src/ros2_webots': PYTHONPATH=/home/xenor/ros2_webots_ws/build/ros2_webots/prefix_override:/usr/lib/python3/dist-packages/colcon_core/task/python/colcon_distutils_commands:/home/xenor/ros2_webots_ws/install/ros2_webots/lib/python3.10/site-packages:${PYTHONPATH} /usr/bin/python3 -W ignore:setup.py install is deprecated -W ignore:easy_install command is deprecated setup.py egg_info --egg-base ../../build/ros2_webots build --build-base /home/xenor/ros2_webots_ws/build/ros2_webots/build install --record /home/xenor/ros2_webots_ws/build/ros2_webots/install.log --single-version-externally-managed install_data
[1.472s] running egg_info
[1.473s] writing ../../build/ros2_webots/ros2_webots.egg-info/PKG-INFO
[1.473s] writing dependency_links to ../../build/ros2_webots/ros2_webots.egg-info/dependency_links.txt
[1.474s] writing entry points to ../../build/ros2_webots/ros2_webots.egg-info/entry_points.txt
[1.474s] writing requirements to ../../build/ros2_webots/ros2_webots.egg-info/requires.txt
[1.474s] writing top-level names to ../../build/ros2_webots/ros2_webots.egg-info/top_level.txt
[1.476s] reading manifest file '../../build/ros2_webots/ros2_webots.egg-info/SOURCES.txt'
[1.477s] adding license file 'LICENSE'
[1.477s] writing manifest file '../../build/ros2_webots/ros2_webots.egg-info/SOURCES.txt'
[1.477s] running build
[1.478s] running build_py
[1.478s] copying ros2_webots/car_movement_node.py -> /home/xenor/ros2_webots_ws/build/ros2_webots/build/lib/ros2_webots
[1.479s] running install
[1.480s] running install_lib
[1.481s] copying /home/xenor/ros2_webots_ws/build/ros2_webots/build/lib/ros2_webots/car_movement_node.py -> /home/xenor/ros2_webots_ws/install/ros2_webots/lib/python3.10/site-packages/ros2_webots
[1.481s] byte-compiling /home/xenor/ros2_webots_ws/install/ros2_webots/lib/python3.10/site-packages/ros2_webots/car_movement_node.py to car_movement_node.cpython-310.pyc
[1.484s] running install_data
[1.484s] copying launch/car_second_launch.py -> /home/xenor/ros2_webots_ws/install/ros2_webots/share/ros2_webots/launch
[1.484s] copying worlds/car_2.wbt -> /home/xenor/ros2_webots_ws/install/ros2_webots/share/ros2_webots/worlds
[1.484s] running install_egg_info
[1.491s] removing '/home/xenor/ros2_webots_ws/install/ros2_webots/lib/python3.10/site-packages/ros2_webots-0.0.0-py3.10.egg-info' (and everything under it)
[1.491s] Copying ../../build/ros2_webots/ros2_webots.egg-info to /home/xenor/ros2_webots_ws/install/ros2_webots/lib/python3.10/site-packages/ros2_webots-0.0.0-py3.10.egg-info
[1.493s] running install_scripts
[1.540s] writing list of installed files to '/home/xenor/ros2_webots_ws/build/ros2_webots/install.log'
[1.618s] Invoked command in '/home/xenor/ros2_webots_ws/src/ros2_webots' returned '0': PYTHONPATH=/home/xenor/ros2_webots_ws/build/ros2_webots/prefix_override:/usr/lib/python3/dist-packages/colcon_core/task/python/colcon_distutils_commands:/home/xenor/ros2_webots_ws/install/ros2_webots/lib/python3.10/site-packages:${PYTHONPATH} /usr/bin/python3 -W ignore:setup.py install is deprecated -W ignore:easy_install command is deprecated setup.py egg_info --egg-base ../../build/ros2_webots build --build-base /home/xenor/ros2_webots_ws/build/ros2_webots/build install --record /home/xenor/ros2_webots_ws/build/ros2_webots/install.log --single-version-externally-managed install_data
